2014-08-23 22:23:10 Error: [MissingActionException] Action AppController::webroot() could not be found.
Exception Attributes: array (
  'controller' => 'AppController',
  'action' => 'webroot',
)
Request URL: /adocao/admin/app/webroot/imagens/dsfsd
Stack Trace:
#0 C:\xampp\htdocs\adocao\admin\lib\Cake\Routing\Dispatcher.php(191): Controller->invokeAction(Object(CakeRequest))
#1 C:\xampp\htdocs\adocao\admin\lib\Cake\Routing\Dispatcher.php(165): Dispatcher->_invoke(Object(AppController), Object(CakeRequest))
#2 C:\xampp\htdocs\adocao\admin\app\webroot\index.php(108): Dispatcher->dispatch(Object(CakeRequest), Object(CakeResponse))
#3 {main}
2014-08-23 22:24:06 Error: [MissingActionException] Action AppController::webroot() could not be found.
Exception Attributes: array (
  'controller' => 'AppController',
  'action' => 'webroot',
)
Request URL: /adocao/admin/app/webroot/imagens/dsfsd
Stack Trace:
#0 C:\xampp\htdocs\adocao\admin\lib\Cake\Routing\Dispatcher.php(191): Controller->invokeAction(Object(CakeRequest))
#1 C:\xampp\htdocs\adocao\admin\lib\Cake\Routing\Dispatcher.php(165): Dispatcher->_invoke(Object(AppController), Object(CakeRequest))
#2 C:\xampp\htdocs\adocao\admin\app\webroot\index.php(108): Dispatcher->dispatch(Object(CakeRequest), Object(CakeResponse))
#3 {main}
2014-08-23 22:24:25 Error: [MissingActionException] Action AppController::webroot() could not be found.
Exception Attributes: array (
  'controller' => 'AppController',
  'action' => 'webroot',
)
Request URL: /adocao/admin/app/webroot/imagens/dsfsd
Stack Trace:
#0 C:\xampp\htdocs\adocao\admin\lib\Cake\Routing\Dispatcher.php(191): Controller->invokeAction(Object(CakeRequest))
#1 C:\xampp\htdocs\adocao\admin\lib\Cake\Routing\Dispatcher.php(165): Dispatcher->_invoke(Object(AppController), Object(CakeRequest))
#2 C:\xampp\htdocs\adocao\admin\app\webroot\index.php(108): Dispatcher->dispatch(Object(CakeRequest), Object(CakeResponse))
#3 {main}
